This file contains any messages produced by compilers while
running configure, to aid debugging if configure makes a mistake.

It was created by configure, which was
generated by GNU Autoconf 2.59.  Invocation command line was

  $ ./configure 

## --------- ##
## Platform. ##
## --------- ##

hostname = localhost.localdomain
uname -m = x86_64
uname -r = 2.6.32-431.el6.x86_64
uname -s = Linux
uname -v = #1 SMP Sun Nov 10 22:19:54 EST 2013

/usr/bin/uname -p = unknown
/bin/uname -X     = unknown

/bin/arch              = x86_64
/usr/bin/arch -k       = unknown
/usr/convex/getsysinfo = unknown
hostinfo               = unknown
/bin/machine           = unknown
/usr/bin/oslevel       = unknown
/bin/universe          = unknown

PATH: /usr/local/sbin
PATH: /usr/local/bin
PATH: /sbin
PATH: /bin
PATH: /usr/sbin
PATH: /usr/bin
PATH: /root/bin


## ----------- ##
## Core tests. ##
## ----------- ##

configure:1650: checking build system type
configure:1668: result: x86_64-unknown-linux-gnu
configure:1676: checking host system type
configure:1690: result: x86_64-unknown-linux-gnu
configure:1779: checking for gcc
configure:1795: found /usr/bin/gcc
configure:1805: result: gcc
configure:2049: checking for C compiler version
configure:2052: gcc --version </dev/null >&5
gcc (GCC) 4.4.7 20120313 (Red Hat 4.4.7-4)
Copyright (C) 2010 Free Software Foundation, Inc.
This is free software; see the source for copying conditions.  There is NO
warranty; not even for MERCHANTABILITY or FITNESS FOR A PARTICULAR PURPOSE.

configure:2055: $? = 0
configure:2057: gcc -v </dev/null >&5
Using built-in specs.
Target: x86_64-redhat-linux
Configured with: ../configure --prefix=/usr --mandir=/usr/share/man --infodir=/usr/share/info --with-bugurl=http://bugzilla.redhat.com/bugzilla --enable-bootstrap --enable-shared --enable-threads=posix --enable-checking=release --with-system-zlib --enable-__cxa_atexit --disable-libunwind-exceptions --enable-gnu-unique-object --enable-languages=c,c++,objc,obj-c++,java,fortran,ada --enable-java-awt=gtk --disable-dssi --with-java-home=/usr/lib/jvm/java-1.5.0-gcj-1.5.0.0/jre --enable-libgcj-multifile --enable-java-maintainer-mode --with-ecj-jar=/usr/share/java/eclipse-ecj.jar --disable-libjava-multilib --with-ppl --with-cloog --with-tune=generic --with-arch_32=i686 --build=x86_64-redhat-linux
Thread model: posix
gcc version 4.4.7 20120313 (Red Hat 4.4.7-4) (GCC) 
configure:2060: $? = 0
configure:2062: gcc -V </dev/null >&5
gcc: '-V' option must have argument
configure:2065: $? = 1
configure:2088: checking for C compiler default output file name
configure:2091: gcc    conftest.c  >&5
configure:2094: $? = 0
configure:2140: result: a.out
configure:2145: checking whether the C compiler works
configure:2151: ./a.out
configure:2154: $? = 0
configure:2171: result: yes
configure:2178: checking whether we are cross compiling
configure:2180: result: no
configure:2183: checking for suffix of executables
configure:2185: gcc -o conftest    conftest.c  >&5
configure:2188: $? = 0
configure:2213: result: 
configure:2219: checking for suffix of object files
configure:2240: gcc -c   conftest.c >&5
configure:2243: $? = 0
configure:2265: result: o
configure:2269: checking whether we are using the GNU C compiler
configure:2293: gcc -c   conftest.c >&5
configure:2299: $? = 0
configure:2303: test -z 
			 || test ! -s conftest.err
configure:2306: $? = 0
configure:2309: test -s conftest.o
configure:2312: $? = 0
configure:2325: result: yes
configure:2331: checking whether gcc accepts -g
configure:2352: gcc -c -g  conftest.c >&5
configure:2358: $? = 0
configure:2362: test -z 
			 || test ! -s conftest.err
configure:2365: $? = 0
configure:2368: test -s conftest.o
configure:2371: $? = 0
configure:2382: result: yes
configure:2399: checking for gcc option to accept ANSI C
configure:2469: gcc  -c -g -O2  conftest.c >&5
configure:2475: $? = 0
configure:2479: test -z 
			 || test ! -s conftest.err
configure:2482: $? = 0
configure:2485: test -s conftest.o
configure:2488: $? = 0
configure:2506: result: none needed
configure:2524: gcc -c -g -O2  conftest.c >&5
conftest.c:2: error: expected '=', ',', ';', 'asm' or '__attribute__' before 'me'
configure:2530: $? = 1
configure: failed program was:
| #ifndef __cplusplus
|   choke me
| #endif
configure:2715: checking for g++
configure:2731: found /usr/bin/g++
configure:2741: result: g++
configure:2757: checking for C++ compiler version
configure:2760: g++ --version </dev/null >&5
g++ (GCC) 4.4.7 20120313 (Red Hat 4.4.7-4)
Copyright (C) 2010 Free Software Foundation, Inc.
This is free software; see the source for copying conditions.  There is NO
warranty; not even for MERCHANTABILITY or FITNESS FOR A PARTICULAR PURPOSE.

configure:2763: $? = 0
configure:2765: g++ -v </dev/null >&5
Using built-in specs.
Target: x86_64-redhat-linux
Configured with: ../configure --prefix=/usr --mandir=/usr/share/man --infodir=/usr/share/info --with-bugurl=http://bugzilla.redhat.com/bugzilla --enable-bootstrap --enable-shared --enable-threads=posix --enable-checking=release --with-system-zlib --enable-__cxa_atexit --disable-libunwind-exceptions --enable-gnu-unique-object --enable-languages=c,c++,objc,obj-c++,java,fortran,ada --enable-java-awt=gtk --disable-dssi --with-java-home=/usr/lib/jvm/java-1.5.0-gcj-1.5.0.0/jre --enable-libgcj-multifile --enable-java-maintainer-mode --with-ecj-jar=/usr/share/java/eclipse-ecj.jar --disable-libjava-multilib --with-ppl --with-cloog --with-tune=generic --with-arch_32=i686 --build=x86_64-redhat-linux
Thread model: posix
gcc version 4.4.7 20120313 (Red Hat 4.4.7-4) (GCC) 
configure:2768: $? = 0
configure:2770: g++ -V </dev/null >&5
g++: '-V' option must have argument
configure:2773: $? = 1
configure:2776: checking whether we are using the GNU C++ compiler
configure:2800: g++ -c   conftest.cc >&5
configure:2806: $? = 0
configure:2810: test -z 
			 || test ! -s conftest.err
configure:2813: $? = 0
configure:2816: test -s conftest.o
configure:2819: $? = 0
configure:2832: result: yes
configure:2838: checking whether g++ accepts -g
configure:2859: g++ -c -g  conftest.cc >&5
configure:2865: $? = 0
configure:2869: test -z 
			 || test ! -s conftest.err
configure:2872: $? = 0
configure:2875: test -s conftest.o
configure:2878: $? = 0
configure:2889: result: yes
configure:2931: g++ -c -g -O2  conftest.cc >&5
configure:2937: $? = 0
configure:2941: test -z 
			 || test ! -s conftest.err
configure:2944: $? = 0
configure:2947: test -s conftest.o
configure:2950: $? = 0
configure:2976: g++ -c -g -O2  conftest.cc >&5
conftest.cc: In function 'int main()':
conftest.cc:13: error: 'exit' was not declared in this scope
configure:2982: $? = 1
configure: failed program was:
| /* confdefs.h.  */
| 
| #define PACKAGE_NAME ""
| #define PACKAGE_TARNAME ""
| #define PACKAGE_VERSION ""
| #define PACKAGE_STRING ""
| #define PACKAGE_BUGREPORT ""
| /* end confdefs.h.  */
| 
| int
| main ()
| {
| exit (42);
|   ;
|   return 0;
| }
configure:2931: g++ -c -g -O2  conftest.cc >&5
conftest.cc:9: error: 'void std::exit(int)' should have been declared inside 'std'
configure:2937: $? = 1
configure: failed program was:
| /* confdefs.h.  */
| 
| #define PACKAGE_NAME ""
| #define PACKAGE_TARNAME ""
| #define PACKAGE_VERSION ""
| #define PACKAGE_STRING ""
| #define PACKAGE_BUGREPORT ""
| /* end confdefs.h.  */
| extern "C" void std::exit (int) throw (); using std::exit;
| #include <stdlib.h>
| int
| main ()
| {
| exit (42);
|   ;
|   return 0;
| }
configure:2931: g++ -c -g -O2  conftest.cc >&5
conftest.cc:9: error: 'void std::exit(int)' should have been declared inside 'std'
In file included from conftest.cc:10:
/usr/include/stdlib.h:544: error: declaration of 'void std::exit(int) throw ()' throws different exceptions
conftest.cc:9: error: from previous declaration 'void std::exit(int)'
configure:2937: $? = 1
configure: failed program was:
| /* confdefs.h.  */
| 
| #define PACKAGE_NAME ""
| #define PACKAGE_TARNAME ""
| #define PACKAGE_VERSION ""
| #define PACKAGE_STRING ""
| #define PACKAGE_BUGREPORT ""
| /* end confdefs.h.  */
| extern "C" void std::exit (int); using std::exit;
| #include <stdlib.h>
| int
| main ()
| {
| exit (42);
|   ;
|   return 0;
| }
configure:2931: g++ -c -g -O2  conftest.cc >&5
configure:2937: $? = 0
configure:2941: test -z 
			 || test ! -s conftest.err
configure:2944: $? = 0
configure:2947: test -s conftest.o
configure:2950: $? = 0
configure:2976: g++ -c -g -O2  conftest.cc >&5
configure:2982: $? = 0
configure:2986: test -z 
			 || test ! -s conftest.err
configure:2989: $? = 0
configure:2992: test -s conftest.o
configure:2995: $? = 0
configure:3059: checking for ld
configure:3075: found /usr/bin/ld
configure:3085: result: ld
configure:3101: checking for GNU make
configure:3139: result: yes (make)
configure:3158: checking for a BSD-compatible install
configure:3213: result: /usr/bin/install -c
configure:3231: checking whether ln -s works
configure:3235: result: yes
configure:3283: checking for ranlib
configure:3299: found /usr/bin/ranlib
configure:3310: result: ranlib
configure:3326: checking ERTS version
configure:3329: result: 5.10.3
configure:3333: checking OTP release
configure:3336: result: R16B02
configure:3721: creating ./config.status

## ---------------------- ##
## Running config.status. ##
## ---------------------- ##

This file was extended by config.status, which was
generated by GNU Autoconf 2.59.  Invocation command line was

  CONFIG_FILES    = 
  CONFIG_HEADERS  = 
  CONFIG_LINKS    = 
  CONFIG_COMMANDS = 
  $ ./config.status 

on localhost.localdomain

config.status:695: creating Makefile
config.status:695: creating make/output.mk
config.status:695: creating make/emd2exml
configure:4616: configuring in lib
configure:4733: running /bin/sh '/root/otp_src_R16B02/lib/configure' --prefix=/usr/local  --cache-file=/dev/null --srcdir=/root/otp_src_R16B02/lib
configure:4616: configuring in erts
configure:4733: running /bin/sh '/root/otp_src_R16B02/erts/configure' --prefix=/usr/local  --cache-file=/dev/null --srcdir=/root/otp_src_R16B02/erts

## ---------------- ##
## Cache variables. ##
## ---------------- ##

ac_cv_build=x86_64-unknown-linux-gnu
ac_cv_build_alias=x86_64-unknown-linux-gnu
ac_cv_c_compiler_gnu=yes
ac_cv_cxx_compiler_gnu=yes
ac_cv_env_AR_set=
ac_cv_env_AR_value=
ac_cv_env_CC_set=
ac_cv_env_CC_value=
ac_cv_env_CFLAGS_set=
ac_cv_env_CFLAGS_value=
ac_cv_env_CFLAG_RUNTIME_LIBRARY_PATH_set=
ac_cv_env_CFLAG_RUNTIME_LIBRARY_PATH_value=
ac_cv_env_CPPFLAGS_set=
ac_cv_env_CPPFLAGS_value=
ac_cv_env_CPP_set=
ac_cv_env_CPP_value=
ac_cv_env_CXXFLAGS_set=
ac_cv_env_CXXFLAGS_value=
ac_cv_env_CXX_set=
ac_cv_env_CXX_value=
ac_cv_env_DED_LDFLAGS_set=
ac_cv_env_DED_LDFLAGS_value=
ac_cv_env_DED_LD_FLAG_RUNTIME_LIBRARY_PATH_set=
ac_cv_env_DED_LD_FLAG_RUNTIME_LIBRARY_PATH_value=
ac_cv_env_DED_LD_set=
ac_cv_env_DED_LD_value=
ac_cv_env_ERL_TOP_set=
ac_cv_env_ERL_TOP_value=
ac_cv_env_GETCONF_set=
ac_cv_env_GETCONF_value=
ac_cv_env_LDFLAGS_set=
ac_cv_env_LDFLAGS_value=
ac_cv_env_LD_set=
ac_cv_env_LD_value=
ac_cv_env_LFS_CFLAGS_set=
ac_cv_env_LFS_CFLAGS_value=
ac_cv_env_LFS_LDFLAGS_set=
ac_cv_env_LFS_LDFLAGS_value=
ac_cv_env_LFS_LIBS_set=
ac_cv_env_LFS_LIBS_value=
ac_cv_env_LIBS_set=
ac_cv_env_LIBS_value=
ac_cv_env_RANLIB_set=
ac_cv_env_RANLIB_value=
ac_cv_env_STATIC_CFLAGS_set=
ac_cv_env_STATIC_CFLAGS_value=
ac_cv_env_build_alias_set=
ac_cv_env_build_alias_value=
ac_cv_env_erl_xcomp_after_morecore_hook_set=
ac_cv_env_erl_xcomp_after_morecore_hook_value=
ac_cv_env_erl_xcomp_bigendian_set=
ac_cv_env_erl_xcomp_bigendian_value=
ac_cv_env_erl_xcomp_clock_gettime_cpu_time_set=
ac_cv_env_erl_xcomp_clock_gettime_cpu_time_value=
ac_cv_env_erl_xcomp_dlsym_brk_wrappers_set=
ac_cv_env_erl_xcomp_dlsym_brk_wrappers_value=
ac_cv_env_erl_xcomp_double_middle_endian_set=
ac_cv_env_erl_xcomp_double_middle_endian_value=
ac_cv_env_erl_xcomp_getaddrinfo_set=
ac_cv_env_erl_xcomp_getaddrinfo_value=
ac_cv_env_erl_xcomp_gethrvtime_procfs_ioctl_set=
ac_cv_env_erl_xcomp_gethrvtime_procfs_ioctl_value=
ac_cv_env_erl_xcomp_isysroot_set=
ac_cv_env_erl_xcomp_isysroot_value=
ac_cv_env_erl_xcomp_kqueue_set=
ac_cv_env_erl_xcomp_kqueue_value=
ac_cv_env_erl_xcomp_linux_clock_gettime_correction_set=
ac_cv_env_erl_xcomp_linux_clock_gettime_correction_value=
ac_cv_env_erl_xcomp_linux_nptl_set=
ac_cv_env_erl_xcomp_linux_nptl_value=
ac_cv_env_erl_xcomp_linux_usable_sigaltstack_set=
ac_cv_env_erl_xcomp_linux_usable_sigaltstack_value=
ac_cv_env_erl_xcomp_linux_usable_sigusrx_set=
ac_cv_env_erl_xcomp_linux_usable_sigusrx_value=
ac_cv_env_erl_xcomp_poll_set=
ac_cv_env_erl_xcomp_poll_value=
ac_cv_env_erl_xcomp_putenv_copy_set=
ac_cv_env_erl_xcomp_putenv_copy_value=
ac_cv_env_erl_xcomp_reliable_fpe_set=
ac_cv_env_erl_xcomp_reliable_fpe_value=
ac_cv_env_erl_xcomp_sysroot_set=
ac_cv_env_erl_xcomp_sysroot_value=
ac_cv_env_host_alias_set=
ac_cv_env_host_alias_value=
ac_cv_env_target_alias_set=
ac_cv_env_target_alias_value=
ac_cv_exeext=
ac_cv_host=x86_64-unknown-linux-gnu
ac_cv_host_alias=x86_64-unknown-linux-gnu
ac_cv_objext=o
ac_cv_path_install='/usr/bin/install -c'
ac_cv_prog_ac_ct_CC=gcc
ac_cv_prog_ac_ct_CXX=g++
ac_cv_prog_ac_ct_LD=ld
ac_cv_prog_ac_ct_RANLIB=ranlib
ac_cv_prog_cc_g=yes
ac_cv_prog_cc_stdc=
ac_cv_prog_cxx_g=yes

## ----------------- ##
## Output variables. ##
## ----------------- ##

AR=''
BOOTSTRAP_ONLY='no'
CC='gcc'
CFLAGS='-g -O2'
CFLAG_RUNTIME_LIBRARY_PATH=''
CPP=''
CPPFLAGS=''
CROSS_COMPILING='no'
CXX='g++'
CXXFLAGS='-g -O2'
DED_LD=''
DED_LDFLAGS=''
DED_LD_FLAG_RUNTIME_LIBRARY_PATH=''
DEFAULT_VERBOSITY='1'
DEFS='-DPACKAGE_NAME=\"\" -DPACKAGE_TARNAME=\"\" -DPACKAGE_VERSION=\"\" -DPACKAGE_STRING=\"\" -DPACKAGE_BUGREPORT=\"\" '
ECHO_C=''
ECHO_N='-n'
ECHO_T=''
ERL_TOP='/root/otp_src_R16B02'
ERTS_VSN='5.10.3'
EXEEXT=''
GETCONF=''
INSTALL_DATA='${INSTALL} -m 644'
INSTALL_PROGRAM='${INSTALL}'
INSTALL_SCRIPT='${INSTALL}'
LD='ld'
LDFLAGS=''
LFS_CFLAGS=''
LFS_LDFLAGS=''
LFS_LIBS=''
LIBOBJS=''
LIBS=''
LN_S='ln -s'
LTLIBOBJS=''
MAKE_PROG='make'
NATIVE_LIBS_ENABLED=''
OBJEXT='o'
OTP_REL='R16B02'
PACKAGE_BUGREPORT=''
PACKAGE_NAME=''
PACKAGE_STRING=''
PACKAGE_TARNAME=''
PACKAGE_VERSION=''
PATH_SEPARATOR=':'
RANLIB='ranlib'
SHELL='/bin/sh'
STATIC_CFLAGS=''
TARGET='x86_64-unknown-linux-gnu'
ac_ct_CC='gcc'
ac_ct_CXX='g++'
ac_ct_LD='ld'
ac_ct_RANLIB='ranlib'
bindir='${exec_prefix}/bin'
build='x86_64-unknown-linux-gnu'
build_alias=''
build_cpu='x86_64'
build_os='linux-gnu'
build_vendor='unknown'
datadir='${prefix}/share'
erl_xcomp_after_morecore_hook=''
erl_xcomp_bigendian=''
erl_xcomp_clock_gettime_cpu_time=''
erl_xcomp_dlsym_brk_wrappers=''
erl_xcomp_double_middle_endian=''
erl_xcomp_getaddrinfo=''
erl_xcomp_gethrvtime_procfs_ioctl=''
erl_xcomp_isysroot=''
erl_xcomp_kqueue=''
erl_xcomp_linux_clock_gettime_correction=''
erl_xcomp_linux_nptl=''
erl_xcomp_linux_usable_sigaltstack=''
erl_xcomp_linux_usable_sigusrx=''
erl_xcomp_poll=''
erl_xcomp_putenv_copy=''
erl_xcomp_reliable_fpe=''
erl_xcomp_sysroot=''
exec_prefix='${prefix}'
host='x86_64-unknown-linux-gnu'
host_alias=''
host_cpu='x86_64'
host_os='linux-gnu'
host_vendor='unknown'
includedir='${prefix}/include'
infodir='${prefix}/info'
libdir='${exec_prefix}/lib'
libexecdir='${exec_prefix}/libexec'
localstatedir='${prefix}/var'
mandir='${prefix}/man'
oldincludedir='/usr/include'
prefix='/usr/local'
program_transform_name='s,x,x,'
sbindir='${exec_prefix}/sbin'
sharedstatedir='${prefix}/com'
subdirs=' lib erts'
sysconfdir='${prefix}/etc'
target_alias=''

## ----------- ##
## confdefs.h. ##
## ----------- ##

#define PACKAGE_BUGREPORT ""
#define PACKAGE_NAME ""
#define PACKAGE_STRING ""
#define PACKAGE_TARNAME ""
#define PACKAGE_VERSION ""
#endif
#ifdef __cplusplus
extern "C" void exit (int) throw ();

configure: exit 0
